mode: set
test/storage/postgres/basket.go:17.61,19.2 1 0
test/storage/postgres/basket.go:21.94,25.100 3 0
test/storage/postgres/basket.go:25.100,26.47 1 0
test/storage/postgres/basket.go:26.47,29.4 2 0
test/storage/postgres/basket.go:30.3,31.17 2 0
test/storage/postgres/basket.go:34.2,34.25 1 0
test/storage/postgres/basket.go:37.97,47.16 3 0
test/storage/postgres/basket.go:47.16,50.3 2 0
test/storage/postgres/basket.go:52.2,52.21 1 0
test/storage/postgres/basket.go:52.21,54.3 1 0
test/storage/postgres/basket.go:56.2,56.21 1 0
test/storage/postgres/basket.go:56.21,58.3 1 0
test/storage/postgres/basket.go:60.2,60.20 1 0
test/storage/postgres/basket.go:63.109,76.18 3 0
test/storage/postgres/basket.go:76.18,78.3 1 0
test/storage/postgres/basket.go:79.2,79.68 1 0
test/storage/postgres/basket.go:79.68,82.3 2 0
test/storage/postgres/basket.go:84.2,86.18 2 0
test/storage/postgres/basket.go:86.18,88.3 1 0
test/storage/postgres/basket.go:90.2,92.16 3 0
test/storage/postgres/basket.go:92.16,95.3 2 0
test/storage/postgres/basket.go:97.2,97.18 1 0
test/storage/postgres/basket.go:97.18,99.108 2 0
test/storage/postgres/basket.go:99.108,102.4 2 0
test/storage/postgres/basket.go:104.3,104.22 1 0
test/storage/postgres/basket.go:104.22,106.4 1 0
test/storage/postgres/basket.go:108.3,108.22 1 0
test/storage/postgres/basket.go:108.22,110.4 1 0
test/storage/postgres/basket.go:112.3,112.36 1 0
test/storage/postgres/basket.go:116.2,119.8 1 0
test/storage/postgres/basket.go:122.94,129.16 2 0
test/storage/postgres/basket.go:129.16,130.47 1 0
test/storage/postgres/basket.go:130.47,133.4 2 0
test/storage/postgres/basket.go:134.3,134.17 1 0
test/storage/postgres/basket.go:137.2,138.72 1 0
test/storage/postgres/basket.go:138.72,141.3 2 0
test/storage/postgres/basket.go:142.2,142.20 1 0
test/storage/postgres/basket.go:145.79,147.68 2 0
test/storage/postgres/basket.go:147.68,148.47 1 0
test/storage/postgres/basket.go:148.47,150.4 1 0
test/storage/postgres/basket.go:151.3,151.13 1 0
test/storage/postgres/basket.go:153.2,153.12 1 0
test/storage/postgres/basket_product.go:18.75,20.2 1 0
test/storage/postgres/basket_product.go:22.109,32.33 4 0
test/storage/postgres/basket_product.go:32.33,35.3 2 0
test/storage/postgres/basket_product.go:36.2,36.25 1 0
test/storage/postgres/basket_product.go:39.111,51.16 4 0
test/storage/postgres/basket_product.go:51.16,54.3 2 0
test/storage/postgres/basket_product.go:56.2,56.21 1 0
test/storage/postgres/basket_product.go:56.21,58.3 1 0
test/storage/postgres/basket_product.go:60.2,60.21 1 0
test/storage/postgres/basket_product.go:60.21,62.3 1 0
test/storage/postgres/basket_product.go:64.2,64.21 1 0
test/storage/postgres/basket_product.go:67.127,79.18 3 0
test/storage/postgres/basket_product.go:79.18,81.3 1 0
test/storage/postgres/basket_product.go:83.2,83.28 1 0
test/storage/postgres/basket_product.go:83.28,85.3 1 0
test/storage/postgres/basket_product.go:87.2,87.68 1 0
test/storage/postgres/basket_product.go:87.68,90.3 2 0
test/storage/postgres/basket_product.go:92.2,93.18 2 0
test/storage/postgres/basket_product.go:93.18,95.3 1 0
test/storage/postgres/basket_product.go:97.2,97.28 1 0
test/storage/postgres/basket_product.go:97.28,99.3 1 0
test/storage/postgres/basket_product.go:101.2,104.16 3 0
test/storage/postgres/basket_product.go:104.16,107.3 2 0
test/storage/postgres/basket_product.go:109.2,109.18 1 0
test/storage/postgres/basket_product.go:109.18,118.17 2 0
test/storage/postgres/basket_product.go:118.17,121.4 2 0
test/storage/postgres/basket_product.go:122.3,122.22 1 0
test/storage/postgres/basket_product.go:122.22,124.4 1 0
test/storage/postgres/basket_product.go:126.3,126.22 1 0
test/storage/postgres/basket_product.go:126.22,128.4 1 0
test/storage/postgres/basket_product.go:129.3,129.54 1 0
test/storage/postgres/basket_product.go:132.2,135.8 1 0
test/storage/postgres/basket_product.go:138.109,143.28 2 0
test/storage/postgres/basket_product.go:143.28,144.47 1 0
test/storage/postgres/basket_product.go:144.47,147.4 2 0
test/storage/postgres/basket_product.go:148.3,149.17 2 0
test/storage/postgres/basket_product.go:152.2,152.24 1 0
test/storage/postgres/basket_product.go:155.86,158.68 2 0
test/storage/postgres/basket_product.go:158.68,159.47 1 0
test/storage/postgres/basket_product.go:159.47,162.4 2 0
test/storage/postgres/basket_product.go:163.3,164.13 2 0
test/storage/postgres/basket_product.go:166.2,166.12 1 0
test/storage/postgres/basket_product.go:169.110,179.44 3 0
test/storage/postgres/basket_product.go:179.44,182.3 1 0
test/storage/postgres/basket_product.go:184.2,186.54 2 0
test/storage/postgres/basket_product.go:186.54,189.3 2 0
test/storage/postgres/basket_product.go:191.2,191.12 1 0
test/storage/postgres/branch.go:17.61,19.2 1 0
test/storage/postgres/branch.go:21.93,32.16 3 0
test/storage/postgres/branch.go:32.16,33.47 1 0
test/storage/postgres/branch.go:33.47,36.4 2 0
test/storage/postgres/branch.go:37.3,38.17 2 0
test/storage/postgres/branch.go:41.2,42.87 2 0
test/storage/postgres/branch.go:42.87,43.47 1 0
test/storage/postgres/branch.go:43.47,46.4 2 0
test/storage/postgres/branch.go:47.3,48.17 2 0
test/storage/postgres/branch.go:51.2,51.31 1 0
test/storage/postgres/branch.go:54.96,66.27 4 0
test/storage/postgres/branch.go:66.27,69.3 2 0
test/storage/postgres/branch.go:71.2,71.21 1 0
test/storage/postgres/branch.go:71.21,73.3 1 0
test/storage/postgres/branch.go:75.2,75.21 1 0
test/storage/postgres/branch.go:75.21,77.3 1 0
test/storage/postgres/branch.go:79.2,79.20 1 0
test/storage/postgres/branch.go:82.112,95.18 3 0
test/storage/postgres/branch.go:95.18,97.3 1 0
test/storage/postgres/branch.go:99.2,99.68 1 0
test/storage/postgres/branch.go:99.68,102.3 2 0
test/storage/postgres/branch.go:104.2,107.18 2 0
test/storage/postgres/branch.go:107.18,109.3 1 0
test/storage/postgres/branch.go:111.2,113.16 3 0
test/storage/postgres/branch.go:113.16,116.3 2 0
test/storage/postgres/branch.go:118.2,118.18 1 0
test/storage/postgres/branch.go:118.18,126.28 2 0
test/storage/postgres/branch.go:126.28,129.4 2 0
test/storage/postgres/branch.go:130.3,130.22 1 0
test/storage/postgres/branch.go:130.22,132.4 1 0
test/storage/postgres/branch.go:134.3,134.22 1 0
test/storage/postgres/branch.go:134.22,136.4 1 0
test/storage/postgres/branch.go:137.3,137.38 1 0
test/storage/postgres/branch.go:140.2,143.8 1 0
test/storage/postgres/branch.go:145.93,153.27 2 0
test/storage/postgres/branch.go:153.27,154.47 1 0
test/storage/postgres/branch.go:154.47,157.4 2 0
test/storage/postgres/branch.go:158.3,159.17 2 0
test/storage/postgres/branch.go:162.2,162.23 1 0
test/storage/postgres/branch.go:164.78,167.68 2 0
test/storage/postgres/branch.go:167.68,168.47 1 0
test/storage/postgres/branch.go:168.47,171.4 2 0
test/storage/postgres/branch.go:172.3,173.13 2 0
test/storage/postgres/branch.go:175.2,175.12 1 0
test/storage/postgres/category.go:17.65,19.2 1 1
test/storage/postgres/category.go:20.100,24.79 3 1
test/storage/postgres/category.go:24.79,25.47 1 0
test/storage/postgres/category.go:25.47,28.4 2 0
test/storage/postgres/category.go:29.3,30.17 2 0
test/storage/postgres/category.go:33.2,33.25 1 1
test/storage/postgres/category.go:36.101,41.117 4 1
test/storage/postgres/category.go:41.117,44.3 2 0
test/storage/postgres/category.go:45.2,45.21 1 1
test/storage/postgres/category.go:45.21,47.3 1 1
test/storage/postgres/category.go:49.2,49.21 1 1
test/storage/postgres/category.go:49.21,51.3 1 0
test/storage/postgres/category.go:52.2,52.22 1 1
test/storage/postgres/category.go:55.117,68.18 3 1
test/storage/postgres/category.go:68.18,70.3 1 0
test/storage/postgres/category.go:72.2,72.68 1 1
test/storage/postgres/category.go:72.68,75.3 2 0
test/storage/postgres/category.go:77.2,79.18 2 1
test/storage/postgres/category.go:79.18,81.3 1 0
test/storage/postgres/category.go:83.2,86.16 3 1
test/storage/postgres/category.go:86.16,89.3 2 0
test/storage/postgres/category.go:91.2,91.18 1 1
test/storage/postgres/category.go:91.18,93.78 2 1
test/storage/postgres/category.go:93.78,96.4 2 0
test/storage/postgres/category.go:97.3,97.22 1 1
test/storage/postgres/category.go:97.22,99.4 1 1
test/storage/postgres/category.go:100.3,100.22 1 1
test/storage/postgres/category.go:100.22,102.4 1 1
test/storage/postgres/category.go:103.3,103.39 1 1
test/storage/postgres/category.go:105.2,108.8 1 1
test/storage/postgres/category.go:111.100,114.90 2 1
test/storage/postgres/category.go:114.90,115.47 1 0
test/storage/postgres/category.go:115.47,118.4 2 0
test/storage/postgres/category.go:119.3,120.17 2 0
test/storage/postgres/category.go:122.2,122.25 1 1
test/storage/postgres/category.go:125.81,128.68 2 1
test/storage/postgres/category.go:128.68,129.47 1 0
test/storage/postgres/category.go:129.47,132.4 2 0
test/storage/postgres/category.go:133.3,134.13 2 0
test/storage/postgres/category.go:136.2,136.12 1 1
test/storage/postgres/dealer.go:15.61,19.2 1 1
test/storage/postgres/dealer.go:21.81,24.76 2 1
test/storage/postgres/dealer.go:24.76,25.47 1 0
test/storage/postgres/dealer.go:25.47,28.4 2 0
test/storage/postgres/dealer.go:29.3,30.13 2 0
test/storage/postgres/dealer.go:32.2,32.12 1 1
test/storage/postgres/dealer.go:35.93,39.102 3 1
test/storage/postgres/dealer.go:39.102,42.3 2 1
test/storage/postgres/dealer.go:43.2,43.20 1 1
test/storage/postgres/income.go:19.61,23.2 1 0
test/storage/postgres/income.go:25.73,35.16 3 0
test/storage/postgres/income.go:35.16,36.37 1 0
test/storage/postgres/income.go:36.37,39.4 2 0
test/storage/postgres/income.go:40.3,40.14 1 0
test/storage/postgres/income.go:43.2,43.18 1 0
test/storage/postgres/income.go:43.18,45.3 1 0
test/storage/postgres/income.go:45.8,47.3 1 0
test/storage/postgres/income.go:49.2,57.16 4 0
test/storage/postgres/income.go:57.16,60.3 2 0
test/storage/postgres/income.go:62.2,62.20 1 0
test/storage/postgres/income.go:65.97,72.16 3 0
test/storage/postgres/income.go:72.16,75.3 2 0
test/storage/postgres/income.go:76.2,76.20 1 0
test/storage/postgres/income.go:79.114,89.18 3 0
test/storage/postgres/income.go:89.18,91.3 1 0
test/storage/postgres/income.go:93.2,93.68 1 0
test/storage/postgres/income.go:93.68,96.3 2 0
test/storage/postgres/income.go:98.2,99.18 2 0
test/storage/postgres/income.go:99.18,101.3 1 0
test/storage/postgres/income.go:102.2,104.16 3 0
test/storage/postgres/income.go:104.16,107.3 2 0
test/storage/postgres/income.go:109.2,109.18 1 0
test/storage/postgres/income.go:109.18,115.17 2 0
test/storage/postgres/income.go:115.17,118.4 2 0
test/storage/postgres/income.go:119.3,119.32 1 0
test/storage/postgres/income.go:122.2,125.8 1 0
test/storage/postgres/income.go:128.79,130.68 2 0
test/storage/postgres/income.go:130.68,131.47 1 0
test/storage/postgres/income.go:131.47,134.4 2 0
test/storage/postgres/income.go:135.3,136.13 2 0
test/storage/postgres/income.go:138.2,138.12 1 0
test/storage/postgres/income_product.go:17.75,19.2 1 0
test/storage/postgres/income_product.go:21.108,24.55 2 0
test/storage/postgres/income_product.go:24.55,30.3 1 0
test/storage/postgres/income_product.go:31.2,33.49 2 0
test/storage/postgres/income_product.go:33.49,36.3 2 0
test/storage/postgres/income_product.go:38.2,38.12 1 0
test/storage/postgres/income_product.go:41.128,51.26 3 0
test/storage/postgres/income_product.go:51.26,53.3 1 0
test/storage/postgres/income_product.go:54.2,54.68 1 0
test/storage/postgres/income_product.go:54.68,57.3 2 0
test/storage/postgres/income_product.go:59.2,60.26 2 0
test/storage/postgres/income_product.go:60.26,62.3 1 0
test/storage/postgres/income_product.go:63.2,65.16 3 0
test/storage/postgres/income_product.go:65.16,68.3 2 0
test/storage/postgres/income_product.go:69.2,69.18 1 0
test/storage/postgres/income_product.go:69.18,71.101 2 0
test/storage/postgres/income_product.go:71.101,74.4 2 0
test/storage/postgres/income_product.go:75.3,75.47 1 0
test/storage/postgres/income_product.go:77.2,80.8 1 0
test/storage/postgres/income_product.go:83.109,88.57 3 0
test/storage/postgres/income_product.go:88.57,91.3 1 0
test/storage/postgres/income_product.go:93.2,94.65 2 0
test/storage/postgres/income_product.go:94.65,95.47 1 0
test/storage/postgres/income_product.go:95.47,98.4 2 0
test/storage/postgres/income_product.go:99.3,100.13 2 0
test/storage/postgres/income_product.go:103.2,103.12 1 0
test/storage/postgres/income_product.go:106.109,110.37 3 0
test/storage/postgres/income_product.go:110.37,112.3 1 0
test/storage/postgres/income_product.go:114.2,115.65 2 0
test/storage/postgres/income_product.go:115.65,116.47 1 0
test/storage/postgres/income_product.go:116.47,119.4 2 0
test/storage/postgres/income_product.go:120.3,121.13 2 0
test/storage/postgres/income_product.go:123.2,123.12 1 0
test/storage/postgres/postgres.go:20.76,31.16 3 1
test/storage/postgres/postgres.go:31.16,34.3 2 0
test/storage/postgres/postgres.go:36.2,39.16 3 1
test/storage/postgres/postgres.go:39.16,42.3 2 0
test/storage/postgres/postgres.go:71.2,73.8 1 1
test/storage/postgres/postgres.go:76.24,78.2 1 0
test/storage/postgres/postgres.go:80.44,82.2 1 1
test/storage/postgres/postgres.go:84.52,86.2 1 1
test/storage/postgres/postgres.go:88.50,90.2 1 0
test/storage/postgres/postgres.go:92.48,95.2 1 0
test/storage/postgres/postgres.go:97.62,99.2 1 0
test/storage/postgres/postgres.go:101.46,103.2 1 0
test/storage/postgres/postgres.go:105.48,107.2 1 0
test/storage/postgres/postgres.go:109.48,111.2 1 1
test/storage/postgres/postgres.go:113.48,115.2 1 0
test/storage/postgres/postgres.go:117.62,119.2 1 0
test/storage/postgres/product.go:20.63,22.2 1 0
test/storage/postgres/product.go:24.97,36.33 3 0
test/storage/postgres/product.go:36.33,37.47 1 0
test/storage/postgres/product.go:37.47,40.4 2 0
test/storage/postgres/product.go:41.3,42.17 2 0
test/storage/postgres/product.go:45.2,45.25 1 0
test/storage/postgres/product.go:48.99,62.27 4 0
test/storage/postgres/product.go:62.27,65.3 2 0
test/storage/postgres/product.go:67.2,67.21 1 0
test/storage/postgres/product.go:67.21,69.3 1 0
test/storage/postgres/product.go:71.2,71.21 1 0
test/storage/postgres/product.go:71.21,73.3 1 0
test/storage/postgres/product.go:74.2,74.21 1 0
test/storage/postgres/product.go:77.115,90.18 3 0
test/storage/postgres/product.go:90.18,93.3 1 0
test/storage/postgres/product.go:95.2,95.68 1 0
test/storage/postgres/product.go:95.68,98.3 2 0
test/storage/postgres/product.go:100.2,103.18 2 0
test/storage/postgres/product.go:103.18,106.3 1 0
test/storage/postgres/product.go:108.2,111.16 3 0
test/storage/postgres/product.go:111.16,114.3 2 0
test/storage/postgres/product.go:116.2,116.18 1 0
test/storage/postgres/product.go:116.18,127.28 2 0
test/storage/postgres/product.go:127.28,130.4 2 0
test/storage/postgres/product.go:131.3,131.22 1 0
test/storage/postgres/product.go:131.22,133.4 1 0
test/storage/postgres/product.go:135.3,135.22 1 0
test/storage/postgres/product.go:135.22,137.4 1 0
test/storage/postgres/product.go:138.3,138.39 1 0
test/storage/postgres/product.go:140.2,143.8 1 0
test/storage/postgres/product.go:146.97,156.28 2 0
test/storage/postgres/product.go:156.28,159.3 2 0
test/storage/postgres/product.go:161.2,161.24 1 0
test/storage/postgres/product.go:164.80,167.68 2 0
test/storage/postgres/product.go:167.68,168.47 1 0
test/storage/postgres/product.go:168.47,171.4 2 0
test/storage/postgres/product.go:172.3,173.13 2 0
test/storage/postgres/product.go:175.2,175.12 1 0
test/storage/postgres/product.go:178.114,190.38 2 0
test/storage/postgres/product.go:190.38,192.3 1 0
test/storage/postgres/product.go:194.2,199.16 3 0
test/storage/postgres/product.go:199.16,202.3 2 0
test/storage/postgres/product.go:204.2,204.18 1 0
test/storage/postgres/product.go:204.18,215.17 2 0
test/storage/postgres/product.go:215.17,218.4 2 0
test/storage/postgres/product.go:220.3,222.48 2 0
test/storage/postgres/product.go:222.48,225.4 2 0
test/storage/postgres/product.go:225.9,225.71 1 0
test/storage/postgres/product.go:225.71,228.4 2 0
test/storage/postgres/product.go:231.2,237.8 1 0
test/storage/postgres/product.go:240.88,251.44 3 0
test/storage/postgres/product.go:251.44,254.3 1 0
test/storage/postgres/product.go:256.2,258.54 2 0
test/storage/postgres/product.go:258.54,261.3 2 0
test/storage/postgres/product.go:262.2,262.12 1 0
test/storage/postgres/product.go:265.121,277.39 3 0
test/storage/postgres/product.go:277.39,278.63 1 0
test/storage/postgres/product.go:278.63,281.4 1 0
test/storage/postgres/product.go:283.3,285.66 2 0
test/storage/postgres/product.go:285.66,286.48 1 0
test/storage/postgres/product.go:286.48,289.5 2 0
test/storage/postgres/product.go:290.4,291.14 2 0
test/storage/postgres/product.go:295.2,295.12 1 0
test/storage/postgres/product.go:298.110,307.16 4 0
test/storage/postgres/product.go:307.16,310.3 2 0
test/storage/postgres/product.go:312.2,312.18 1 0
test/storage/postgres/product.go:312.18,319.17 2 0
test/storage/postgres/product.go:319.17,322.4 2 0
test/storage/postgres/product.go:324.3,324.65 1 0
test/storage/postgres/product.go:327.2,327.26 1 0
test/storage/postgres/store.go:14.59,18.2 1 0
test/storage/postgres/store.go:20.91,22.16 2 0
test/storage/postgres/store.go:22.16,25.3 2 0
test/storage/postgres/store.go:27.2,27.46 1 0
test/storage/postgres/store.go:27.46,30.3 2 0
test/storage/postgres/store.go:32.2,32.12 1 0
test/storage/postgres/store.go:35.91,38.74 3 0
test/storage/postgres/store.go:38.74,41.3 2 0
test/storage/postgres/store.go:43.2,43.20 1 0
test/storage/postgres/store.go:46.106,48.82 2 0
test/storage/postgres/store.go:48.82,49.47 1 0
test/storage/postgres/store.go:49.47,52.4 2 0
test/storage/postgres/store.go:53.3,54.13 2 0
test/storage/postgres/store.go:57.2,57.12 1 0
test/storage/postgres/user.go:17.57,21.2 1 1
test/storage/postgres/user.go:23.94,37.16 2 1
test/storage/postgres/user.go:37.16,40.3 2 0
test/storage/postgres/user.go:42.2,42.26 1 1
test/storage/postgres/user.go:45.94,61.16 4 1
test/storage/postgres/user.go:61.16,64.3 2 1
test/storage/postgres/user.go:66.2,66.21 1 1
test/storage/postgres/user.go:66.21,68.3 1 1
test/storage/postgres/user.go:70.2,70.21 1 1
test/storage/postgres/user.go:70.21,72.3 1 1
test/storage/postgres/user.go:74.2,74.18 1 1
test/storage/postgres/user.go:77.110,91.18 3 1
test/storage/postgres/user.go:91.18,93.3 1 0
test/storage/postgres/user.go:95.2,95.68 1 1
test/storage/postgres/user.go:95.68,98.3 2 0
test/storage/postgres/user.go:100.2,106.18 2 1
test/storage/postgres/user.go:106.18,108.3 1 0
test/storage/postgres/user.go:110.2,113.16 3 1
test/storage/postgres/user.go:113.16,116.3 2 0
test/storage/postgres/user.go:118.2,118.18 1 1
test/storage/postgres/user.go:118.18,129.17 2 1
test/storage/postgres/user.go:129.17,132.4 2 0
test/storage/postgres/user.go:133.3,133.22 1 1
test/storage/postgres/user.go:133.22,135.4 1 1
test/storage/postgres/user.go:137.3,137.22 1 1
test/storage/postgres/user.go:137.22,139.4 1 1
test/storage/postgres/user.go:140.3,140.30 1 1
test/storage/postgres/user.go:143.2,146.8 1 1
test/storage/postgres/user.go:149.91,155.108 2 1
test/storage/postgres/user.go:155.108,158.3 2 0
test/storage/postgres/user.go:160.2,160.24 1 1
test/storage/postgres/user.go:163.81,166.61 2 1
test/storage/postgres/user.go:166.61,169.3 2 0
test/storage/postgres/user.go:171.2,171.12 1 1
test/storage/postgres/user.go:174.80,181.70 3 0
test/storage/postgres/user.go:181.70,184.3 2 0
test/storage/postgres/user.go:186.2,186.22 1 0
test/storage/postgres/user.go:189.97,195.82 2 0
test/storage/postgres/user.go:195.82,198.3 2 0
test/storage/postgres/user.go:200.2,200.12 1 0
test/storage/postgres/user.go:203.86,206.58 2 0
test/storage/postgres/user.go:206.58,209.3 2 0
test/storage/postgres/user.go:211.2,211.12 1 0
